<?xml version="1.0" encoding="UTF-8"?>
<!-- Generated by org.testng.reporters.JUnitReportReporter -->
<testsuite hostname="LP-5CD120NLR8" name="functionality.TimeSheetFunctionalityCS" tests="1" failures="0" timestamp="1 Nov 2021 06:59:35 GMT" time="52.310" errors="0">
  <testcase name="functions" time="52.310" classname="functionality.TimeSheetFunctionalityCS"/>
</testsuite> <!-- functionality.TimeSheetFunctionalityCS -->
